<?xml version="1.0" encoding="UTF-8"?>
<testsuite name="MyUnitTest" tests="1" skipped="0" failures="0" errors="0" timestamp="2016-08-03T14:11:34" hostname="ssselim" time="0.001">
  <properties/>
  <testcase name="testConcatenate" classname="MyUnitTest" time="0.001"/>
  <system-out><![CDATA[]]></system-out>
  <system-err><![CDATA[]]></system-err>
</testsuite>
